<?xml version="1.0" encoding="UTF-8"?>
<!-- Generated by org.testng.reporters.JUnitXMLReporter -->
<testsuite ignored="0" hostname="DESKTOP-I882LUR" failures="0" tests="1" name="Test" time="0.91" errors="0" timestamp="2025-03-24T10:46:56 IST">
  <testcase classname="base.ProjectSpecificationMethod" name="@BeforeClass testDetails" time="0.002">
    <failure type="java.lang.IllegalArgumentException" message="Test name must not be null or empty">
      <![CDATA[java.lang.IllegalArgumentException: Test name must not be null or empty
at com.aventstack.extentreports.util.Assert.notEmpty(Assert.java:12)
at com.aventstack.extentreports.ExtentTest.<init>(ExtentTest.java:97)
at com.aventstack.extentreports.ExtentTest.<init>(ExtentTest.java:118)
at com.aventstack.extentreports.ExtentReports.createTest(ExtentReports.java:231)
at base.ProjectSpecificationMethod.testDetails(ProjectSpecificationMethod.java:31)
at java.base/java.util.ArrayList.forEach(ArrayList.java:1596)
... Removed 23 stack frames]]>
    </failure>
  </testcase> <!-- @BeforeClass testDetails -->
  <testcase classname="base.ProjectSpecificationMethod" name="@BeforeMethod browserlaunch" time="0.0">
    <skipped/>
  </testcase> <!-- @BeforeMethod browserlaunch -->
  <testcase classname="base.ProjectSpecificationMethod" name="@AfterMethod shuttingBrowser" time="0.0">
    <skipped/>
  </testcase> <!-- @AfterMethod shuttingBrowser -->
  <testcase classname="test.LogoutTest" name="Logout01" time="0.0">
    <skipped/>
  </testcase> <!-- Logout01 -->
</testsuite> <!-- Test -->
